#
# There is insufficient memory for the Java Runtime Environment to continue.
# Native memory allocation (mmap) failed to map 123731968 bytes for G1 virtual space
# Possible reasons:
#   The system is out of physical RAM or swap space
#   The process is running with CompressedOops enabled, and the Java Heap may be blocking the growth of the native heap
# Possible solutions:
#   Reduce memory load on the system
#   Increase physical memory or swap space
#   Check if swap backing store is full
#   Decrease Java heap size (-Xmx/-Xms)
#   Decrease number of Java threads
#   Decrease Java thread stack sizes (-Xss)
#   Set larger code cache with -XX:ReservedCodeCacheSize=
#   JVM is running with Unscaled Compressed Oops mode in which the Java heap is
#     placed in the first 4GB address space. The Java Heap base address is the
#     maximum limit for the native heap growth. Please use -XX:HeapBaseMinAddress
#     to set the Java Heap base and to place the Java Heap above 4GB virtual address.
# This output file may be truncated or incomplete.
#
#  Out of Memory Error (./open/src/hotspot/os/windows/os_windows.cpp:3321), pid=29764, tid=18288
#
# JRE version:  (15.0.2+7) (build )
# Java VM: OpenJDK 64-Bit Server VM (15.0.2+7-27, mixed mode, sharing, tiered, compressed oops, g1 gc, windows-amd64)
# No core dump will be written. Minidumps are not enabled by default on client versions of Windows
#

---------------  S U M M A R Y ------------

Command Line: -Dfile.encoding=Cp1252 -XX:+ShowCodeDetailsInExceptionMessages com.chatting.apps.Server

Host: AMD Ryzen 5 PRO 4650U with Radeon Graphics, 12 cores, 7G,  Windows 10 , 64 bit Build 19041 (10.0.19041.1023)
Time: Wed Aug  4 11:56:47 2021 India Standard Time elapsed time: 0.035336 seconds (0d 0h 0m 0s)

---------------  T H R E A D  ---------------

Current thread (0x000002bb9f6e1ec0):  JavaThread "Unknown thread" [_thread_in_vm, id=18288, stack(0x000000fb3d000000,0x000000fb3d100000)]

Stack: [0x000000fb3d000000,0x000000fb3d100000]
Native frames: (J=compiled Java code, j=interpreted, Vv=VM code, C=native code)
V  [jvm.dll+0x62ae9a]
V  [jvm.dll+0x7817a9]
V  [jvm.dll+0x782f03]
V  [jvm.dll+0x783563]
V  [jvm.dll+0x216325]
V  [jvm.dll+0x6281d9]
V  [jvm.dll+0x61cf55]
V  [jvm.dll+0x2cffdd]
V  [jvm.dll+0x2cfe42]
V  [jvm.dll+0x2d5e1c]
V  [jvm.dll+0x32590a]
V  [jvm.dll+0x324fd4]
V  [jvm.dll+0x2a6f5a]
V  [jvm.dll+0x2a80f8]
V  [jvm.dll+0x75e241]
V  [jvm.dll+0x3341c4]
V  [jvm.dll+0x73e926]
V  [jvm.dll+0x3b7557]
V  [jvm.dll+0x3b8fe1]
C  [jli.dll+0x52fb]
C  [ucrtbase.dll+0x21bb2]
C  [KERNEL32.DLL+0x17034]
C  [ntdll.dll+0x52651]


---------------  P R O C E S S  ---------------

Threads class SMR info:
_java_thread_list=0x00007ffcca7e4ff0, length=0, elements={
}

Java Threads: ( => current thread )

Other Threads:
  0x000002bb9f722680 GCTaskThread "GC Thread#0" [stack: 0x000000fb3d100000,0x000000fb3d200000] [id=20796]
  0x000002bb9f7331b0 ConcurrentGCThread "G1 Main Marker" [stack: 0x000000fb3d200000,0x000000fb3d300000] [id=15264]
  0x000002bb9f735830 ConcurrentGCThread "G1 Conc#0" [stack: 0x000000fb3d300000,0x000000fb3d400000] [id=22064]

[error occurred during error reporting (printing all threads), id 0xc0000005, EXCEPTION_ACCESS_VIOLATION (0xc0000005) at pc=0x00007ffcc9fd7e27]

VM state: not at safepoint (not fully initialized)

VM Mutex/Monitor currently owned by a thread:  ([mutex/lock_event])
[0x000002bb9dd4cfb0] Heap_lock - owner thread: 0x000002bb9f6e1ec0

Heap address: 0x000000008aa00000, size: 1878 MB, Compressed Oops mode: 32-bit
CDS archive(s) mapped at: [0x0000000000000000-0x0000000000000000-0x0000000000000000), size 0, SharedBaseAddress: 0x0000000800000000, ArchiveRelocationMode: 0.
Narrow klass base: 0x0000000000000000, Narrow klass shift: 0, Narrow klass range: 0x0

Heap:
 garbage-first heap   total 120832K, used 0K [0x000000008aa00000, 0x0000000100000000)
  region size 1024K, 0 young (0K), 0 survivors (0K)
 Metaspace       used 0K, capacity 0K, committed 0K, reserved 0K
  class space    used 0K, capacity 0K, committed 0K, reserved 0K

Heap Regions: E=young(eden), S=young(survivor), O=old, HS=humongous(starts), HC=humongous(continues), CS=collection set, F=free, OA=open archive, CA=closed archive, TAMS=top-at-mark-start (previous, next)

Card table byte_map: [0x000002bbb3510000,0x000002bbb38c0000] _byte_map_base: 0x000002bbb30bb000

Marking Bits (Prev, Next): (CMBitMap*) 0x000002bb9f723d90, (CMBitMap*) 0x000002bb9f723dd0
 Prev Bits: [0x000002bbb3c70000, 0x000002bbb59c8000)
 Next Bits: [0x000002bbb59d0000, 0x000002bbb7728000)

GC Heap History (0 events):
No events

Deoptimization events (0 events):
No events

Classes unloaded (0 events):
No events

Classes redefined (0 events):
No events

Internal exceptions (0 events):
No events

Events (1 events):
Event: 0.026 Loaded shared library C:\Users\sakaul\Downloads\eclipse\plugins\org.eclipse.justj.openjdk.hotspot.jre.full.win32.x86_64_15.0.2.v20210201-0955\jre\bin\java.dll


Dynamic libraries:
0x00007ff76b970000 - 0x00007ff76b97d000 	C:\Users\sakaul\Downloads\eclipse\plugins\org.eclipse.justj.openjdk.hotspot.jre.full.win32.x86_64_15.0.2.v20210201-0955\jre\bin\javaw.exe
0x00007ffd32e70000 - 0x00007ffd33065000 	C:\WINDOWS\SYSTEM32\ntdll.dll
0x00007ffd32870000 - 0x00007ffd3292d000 	C:\WINDOWS\System32\KERNEL32.DLL
0x00007ffd30a60000 - 0x00007ffd30d29000 	C:\WINDOWS\System32\KERNELBASE.dll
0x00007ffd30690000 - 0x00007ffd30790000 	C:\WINDOWS\System32\ucrtbase.dll
0x00007ffd2d110000 - 0x00007ffd2d129000 	C:\Users\sakaul\Downloads\eclipse\plugins\org.eclipse.justj.openjdk.hotspot.jre.full.win32.x86_64_15.0.2.v20210201-0955\jre\bin\VCRUNTIME140.dll
0x00007ffd1d140000 - 0x00007ffd1d158000 	C:\Users\sakaul\Downloads\eclipse\plugins\org.eclipse.justj.openjdk.hotspot.jre.full.win32.x86_64_15.0.2.v20210201-0955\jre\bin\jli.dll
0x00007ffd31fd0000 - 0x00007ffd32170000 	C:\WINDOWS\System32\USER32.dll
0x00007ffd0f470000 - 0x00007ffd0f70a000 	C:\WINDOWS\WinSxS\amd64_microsoft.windows.common-controls_6595b64144ccf1df_6.0.19041.1110_none_60b5254171f9507e\COMCTL32.dll
0x00007ffd309a0000 - 0x00007ffd309c2000 	C:\WINDOWS\System32\win32u.dll
0x00007ffd313f0000 - 0x00007ffd3141a000 	C:\WINDOWS\System32\GDI32.dll
0x00007ffd30f50000 - 0x00007ffd30fee000 	C:\WINDOWS\System32\msvcrt.dll
0x00007ffd30dd0000 - 0x00007ffd30edb000 	C:\WINDOWS\System32\gdi32full.dll
0x00007ffd30d30000 - 0x00007ffd30dcd000 	C:\WINDOWS\System32\msvcp_win.dll
0x00007ffd30ff0000 - 0x00007ffd31020000 	C:\WINDOWS\System32\IMM32.DLL
0x000002bb9f660000 - 0x000002bb9f673000 	C:\WINDOWS\System32\umppc13909.dll
0x00007ffd30000000 - 0x00007ffd30124000 	C:\Program Files\Avecto\Privilege Guard Client\PGHook.dll
0x00007ffd31890000 - 0x00007ffd31fcf000 	C:\WINDOWS\System32\shell32.dll
0x00007ffd31130000 - 0x00007ffd311dc000 	C:\WINDOWS\System32\ADVAPI32.dll
0x00007ffd327d0000 - 0x00007ffd3286b000 	C:\WINDOWS\System32\sechost.dll
0x00007ffd32990000 - 0x00007ffd32aba000 	C:\WINDOWS\System32\RPCRT4.dll
0x00007ffd2fe60000 - 0x00007ffd2fe78000 	C:\WINDOWS\SYSTEM32\CRYPTSP.dll
0x00007ffd2fe20000 - 0x00007ffd2fe54000 	C:\WINDOWS\system32\rsaenh.dll
0x00007ffd30a30000 - 0x00007ffd30a57000 	C:\WINDOWS\System32\bcrypt.dll
0x00007ffd2fe10000 - 0x00007ffd2fe1c000 	C:\WINDOWS\SYSTEM32\CRYPTBASE.dll
0x00007ffd305b0000 - 0x00007ffd30633000 	C:\WINDOWS\System32\bcryptPrimitives.dll
0x00007ffd2d0b0000 - 0x00007ffd2d0bc000 	C:\Users\sakaul\Downloads\eclipse\plugins\org.eclipse.justj.openjdk.hotspot.jre.full.win32.x86_64_15.0.2.v20210201-0955\jre\bin\vcruntime140_1.dll
0x00007ffce7d00000 - 0x00007ffce7d91000 	C:\Users\sakaul\Downloads\eclipse\plugins\org.eclipse.justj.openjdk.hotspot.jre.full.win32.x86_64_15.0.2.v20210201-0955\jre\bin\msvcp140.dll
0x00007ffcc9d20000 - 0x00007ffcca87e000 	C:\Users\sakaul\Downloads\eclipse\plugins\org.eclipse.justj.openjdk.hotspot.jre.full.win32.x86_64_15.0.2.v20210201-0955\jre\bin\server\jvm.dll
0x00007ffd32c50000 - 0x00007ffd32c58000 	C:\WINDOWS\System32\PSAPI.DLL
0x00007ffd10ef0000 - 0x00007ffd10ef9000 	C:\WINDOWS\SYSTEM32\WSOCK32.dll
0x00007ffd30ee0000 - 0x00007ffd30f4b000 	C:\WINDOWS\System32\WS2_32.dll
0x00007ffd24cc0000 - 0x00007ffd24ce7000 	C:\WINDOWS\SYSTEM32\WINMM.dll
0x00007ffd28400000 - 0x00007ffd2840a000 	C:\WINDOWS\SYSTEM32\VERSION.dll
0x00007ffd2ed40000 - 0x00007ffd2ed52000 	C:\WINDOWS\SYSTEM32\kernel.appcore.dll
0x00007ffd2cf90000 - 0x00007ffd2cf9a000 	C:\Users\sakaul\Downloads\eclipse\plugins\org.eclipse.justj.openjdk.hotspot.jre.full.win32.x86_64_15.0.2.v20210201-0955\jre\bin\jimage.dll
0x00007ffd2e0b0000 - 0x00007ffd2e294000 	C:\WINDOWS\SYSTEM32\DBGHELP.DLL
0x00007ffd11a10000 - 0x00007ffd11a3c000 	C:\WINDOWS\SYSTEM32\dbgcore.DLL
0x00007ffd0e000000 - 0x00007ffd0e025000 	C:\Users\sakaul\Downloads\eclipse\plugins\org.eclipse.justj.openjdk.hotspot.jre.full.win32.x86_64_15.0.2.v20210201-0955\jre\bin\java.dll

dbghelp: loaded successfully - version: 4.0.5 - missing functions: none
symbol engine: initialized successfully - sym options: 0x614 - pdb path: .;C:\Users\sakaul\Downloads\eclipse\plugins\org.eclipse.justj.openjdk.hotspot.jre.full.win32.x86_64_15.0.2.v20210201-0955\jre\bin;C:\WINDOWS\SYSTEM32;C:\WINDOWS\WinSxS\amd64_microsoft.windows.common-controls_6595b64144ccf1df_6.0.19041.1110_none_60b5254171f9507e;C:\Program Files\Avecto\Privilege Guard Client;C:\Users\sakaul\Downloads\eclipse\plugins\org.eclipse.justj.openjdk.hotspot.jre.full.win32.x86_64_15.0.2.v20210201-0955\jre\bin\server

VM Arguments:
jvm_args: -Dfile.encoding=Cp1252 -XX:+ShowCodeDetailsInExceptionMessages 
java_command: com.chatting.apps.Server
java_class_path (initial): C:\Users\sakaul\git\ChattingApplication\Chatting App\bin
Launcher Type: SUN_STANDARD

[Global flags]
     intx CICompilerCount                          = 4                                         {product} {ergonomic}
     uint ConcGCThreads                            = 3                                         {product} {ergonomic}
     uint G1ConcRefinementThreads                  = 10                                        {product} {ergonomic}
   size_t G1HeapRegionSize                         = 1048576                                   {product} {ergonomic}
    uintx GCDrainStackTargetSize                   = 64                                        {product} {ergonomic}
   size_t InitialHeapSize                          = 123731968                                 {product} {ergonomic}
   size_t MarkStackSize                            = 4194304                                   {product} {ergonomic}
   size_t MaxHeapSize                              = 1969225728                                {product} {ergonomic}
   size_t MinHeapDeltaBytes                        = 1048576                                   {product} {ergonomic}
   size_t MinHeapSize                              = 8388608                                   {product} {ergonomic}
    uintx NonNMethodCodeHeapSize                   = 5839372                                {pd product} {ergonomic}
    uintx NonProfiledCodeHeapSize                  = 122909434                              {pd product} {ergonomic}
    uintx ProfiledCodeHeapSize                     = 122909434                              {pd product} {ergonomic}
    uintx ReservedCodeCacheSize                    = 251658240                              {pd product} {ergonomic}
     bool SegmentedCodeCache                       = true                                      {product} {ergonomic}
     bool ShowCodeDetailsInExceptionMessages       = true                                   {manageable} {command line}
   size_t SoftMaxHeapSize                          = 1969225728                             {manageable} {ergonomic}
     bool UseCompressedClassPointers               = true                                 {lp64_product} {ergonomic}
     bool UseCompressedOops                        = true                                 {lp64_product} {ergonomic}
     bool UseG1GC                                  = true                                      {product} {ergonomic}
     bool UseLargePagesIndividualAllocation        = false                                  {pd product} {ergonomic}

Logging:
Log output configuration:
 #0: stdout all=warning uptime,level,tags
 #1: stderr all=off uptime,level,tags

Environment Variables:
PATH=C:/Users/sakaul/Downloads/eclipse//plugins/org.eclipse.justj.openjdk.hotspot.jre.full.win32.x86_64_15.0.2.v20210201-0955/jre/bin/server;C:/Users/sakaul/Downloads/eclipse//plugins/org.eclipse.justj.openjdk.hotspot.jre.full.win32.x86_64_15.0.2.v20210201-0955/jre/bin;C:\Program Files\AdoptOpenJDK\jdk-15.0.0.36-hotspot\bin;C:\WINDOWS\system32;C:\WINDOWS;C:\WINDOWS\System32\Wbem;C:\WINDOWS\System32\WindowsPowerShell\v1.0\;C:\WINDOWS\System32\OpenSSH\;C:\Users\sakaul\AppData\Local\Microsoft\WindowsApps;;C:\Users\sakaul\Downloads\eclipse;
USERNAME=sakaul
OS=Windows_NT
PROCESSOR_IDENTIFIER=AMD64 Family 23 Model 96 Stepping 1, AuthenticAMD



---------------  S Y S T E M  ---------------

OS:
 Windows 10 , 64 bit Build 19041 (10.0.19041.1023)
OS uptime: 12 days 2:06 hours

CPU: total 12 (initial active 12) (12 cores per cpu, 2 threads per core) family 23 model 96 stepping 1 microcode 0x0, cmov, cx8, fxsr, mmx, sse, sse2, sse3, ssse3, sse4.1, sse4.2, popcnt, vzeroupper, avx, avx2, aes, clmul, 3dnowpref, lzcnt, sse4a, ht, tsc, tscinvbit, tscinv, bmi1, bmi2, adx, sha, fma, clflush, clflushopt

Memory: 4k page, system-wide physical 7505M (288M free)
TotalPageFile size 30033M (AvailPageFile size 87M)
current process WorkingSet (physical memory assigned to process): 11M, peak: 11M
current process commit charge ("private bytes"): 64M, peak: 182M

vm_info: OpenJDK 64-Bit Server VM (15.0.2+7-27) for windows-amd64 JRE (15.0.2+7-27), built on Dec  7 2020 20:02:38 by "mach5one" with unknown MS VC++:1925

END.
