#
# There is insufficient memory for the Java Runtime Environment to continue.
# Native memory allocation (malloc) failed to allocate 759696 bytes for Chunk::new
# Possible reasons:
#   The system is out of physical RAM or swap space
#   The process is running with CompressedOops enabled, and the Java Heap may be blocking the growth of the native heap
# Possible solutions:
#   Reduce memory load on the system
#   Increase physical memory or swap space
#   Check if swap backing store is full
#   Decrease Java heap size (-Xmx/-Xms)
#   Decrease number of Java threads
#   Decrease Java thread stack sizes (-Xss)
#   Set larger code cache with -XX:ReservedCodeCacheSize=
#   JVM is running with Unscaled Compressed Oops mode in which the Java heap is
#     placed in the first 4GB address space. The Java Heap base address is the
#     maximum limit for the native heap growth. Please use -XX:HeapBaseMinAddress
#     to set the Java Heap base and to place the Java Heap above 4GB virtual address.
# This output file may be truncated or incomplete.
#
#  Out of Memory Error (./open/src/hotspot/share/memory/arena.cpp:195), pid=27696, tid=28404
#
# JRE version: OpenJDK Runtime Environment (15.0.2+7) (build 15.0.2+7-27)
# Java VM: OpenJDK 64-Bit Server VM (15.0.2+7-27, mixed mode, tiered, compressed oops, g1 gc, windows-amd64)
# No core dump will be written. Minidumps are not enabled by default on client versions of Windows
#

---------------  S U M M A R Y ------------

Command Line: -Dfile.encoding=Cp1252 -XX:+ShowCodeDetailsInExceptionMessages com.chatting.apps.Server

Host: AMD Ryzen 5 PRO 4650U with Radeon Graphics, 12 cores, 7G,  Windows 10 , 64 bit Build 19041 (10.0.19041.1023)
Time: Wed Aug  4 11:54:55 2021 India Standard Time elapsed time: 1.930980 seconds (0d 0h 0m 1s)

---------------  T H R E A D  ---------------

Current thread (0x000002f0ea164970):  JavaThread "C2 CompilerThread0" daemon [_thread_in_native, id=28404, stack(0x000000fd6ea00000,0x000000fd6eb00000)]


Current CompileTask:
C2:   1931 1137   !   4       sun.font.TrueTypeFont::getTableBuffer (199 bytes)

Stack: [0x000000fd6ea00000,0x000000fd6eb00000]
Native frames: (J=compiled Java code, j=interpreted, Vv=VM code, C=native code)
V  [jvm.dll+0x62ae9a]
V  [jvm.dll+0x7817a9]
V  [jvm.dll+0x782f03]
V  [jvm.dll+0x783563]
V  [jvm.dll+0x216325]
V  [jvm.dll+0x97f3a]
V  [jvm.dll+0x9861c]
V  [jvm.dll+0x32e2a8]
V  [jvm.dll+0x18e3b1]
V  [jvm.dll+0x1ea822]
V  [jvm.dll+0x1e996e]
V  [jvm.dll+0x178567]
V  [jvm.dll+0x1f9225]
V  [jvm.dll+0x1f72cc]
V  [jvm.dll+0x74495d]
V  [jvm.dll+0x73d75a]
V  [jvm.dll+0x629c56]
C  [ucrtbase.dll+0x21bb2]
C  [KERNEL32.DLL+0x17034]
C  [ntdll.dll+0x52651]


---------------  P R O C E S S  ---------------

Threads class SMR info:
_java_thread_list=0x000002f0eae25f10, length=19, elements={
0x000002f0ea136420, 0x000002f0ea1370b0, 0x000002f0ea158380, 0x000002f0ea15ac50,
0x000002f0ea15d8f0, 0x000002f0ea164970, 0x000002f0ea168b40, 0x000002f0ea172000,
0x000002f0ea2e3080, 0x000002f0ea2fa9b0, 0x000002f0ea847710, 0x000002f0ea80db00,
0x000002f0ea8132b0, 0x000002f0eaae5450, 0x000002f0eabac2c0, 0x000002f0f02b6bf0,
0x000002f0cf736530, 0x000002f0f038b040, 0x000002f0f08cd080
}

Java Threads: ( => current thread )
  0x000002f0ea136420 JavaThread "Reference Handler" daemon [_thread_blocked, id=2860, stack(0x000000fd6e500000,0x000000fd6e600000)]
  0x000002f0ea1370b0 JavaThread "Finalizer" daemon [_thread_blocked, id=19176, stack(0x000000fd6e600000,0x000000fd6e700000)]
  0x000002f0ea158380 JavaThread "Signal Dispatcher" daemon [_thread_blocked, id=29792, stack(0x000000fd6e700000,0x000000fd6e800000)]
  0x000002f0ea15ac50 JavaThread "Attach Listener" daemon [_thread_blocked, id=21232, stack(0x000000fd6e800000,0x000000fd6e900000)]
  0x000002f0ea15d8f0 JavaThread "Service Thread" daemon [_thread_blocked, id=25516, stack(0x000000fd6e900000,0x000000fd6ea00000)]
=>0x000002f0ea164970 JavaThread "C2 CompilerThread0" daemon [_thread_in_native, id=28404, stack(0x000000fd6ea00000,0x000000fd6eb00000)]
  0x000002f0ea168b40 JavaThread "C1 CompilerThread0" daemon [_thread_blocked, id=12024, stack(0x000000fd6eb00000,0x000000fd6ec00000)]
  0x000002f0ea172000 JavaThread "Sweeper thread" daemon [_thread_blocked, id=15444, stack(0x000000fd6ec00000,0x000000fd6ed00000)]
  0x000002f0ea2e3080 JavaThread "Notification Thread" daemon [_thread_blocked, id=22660, stack(0x000000fd6ed00000,0x000000fd6ee00000)]
  0x000002f0ea2fa9b0 JavaThread "Common-Cleaner" daemon [_thread_blocked, id=9796, stack(0x000000fd6ef00000,0x000000fd6f000000)]
  0x000002f0ea847710 JavaThread "Java2D Disposer" daemon [_thread_blocked, id=23284, stack(0x000000fd6f000000,0x000000fd6f100000)]
  0x000002f0ea80db00 JavaThread "AWT-Shutdown" [_thread_blocked, id=20324, stack(0x000000fd6f100000,0x000000fd6f200000)]
  0x000002f0ea8132b0 JavaThread "AWT-Windows" daemon [_thread_in_native, id=23640, stack(0x000000fd6f200000,0x000000fd6f300000)]
  0x000002f0eaae5450 JavaThread "Image Fetcher 0" daemon [_thread_blocked, id=29232, stack(0x000000fd6fd00000,0x000000fd6fe00000)]
  0x000002f0eabac2c0 JavaThread "Image Fetcher 1" daemon [_thread_blocked, id=30284, stack(0x000000fd6ff00000,0x000000fd70000000)]
  0x000002f0f02b6bf0 JavaThread "AWT-EventQueue-0" [_thread_blocked, id=13636, stack(0x000000fd70000000,0x000000fd70100000)]
  0x000002f0cf736530 JavaThread "DestroyJavaVM" [_thread_blocked, id=30084, stack(0x000000fd6de00000,0x000000fd6df00000)]
  0x000002f0f038b040 JavaThread "C2 CompilerThread1" daemon [_thread_blocked, id=28880, stack(0x000000fd6fe00000,0x000000fd6ff00000)]
  0x000002f0f08cd080 JavaThread "TimerQueue" daemon [_thread_blocked, id=30708, stack(0x000000fd70200000,0x000000fd70300000)]

Other Threads:
  0x000002f0e98e6630 VMThread "VM Thread" [stack: 0x000000fd6e400000,0x000000fd6e500000] [id=16644]
  0x000002f0ea2e3d60 WatcherThread [stack: 0x000000fd6ee00000,0x000000fd6ef00000] [id=29732]
  0x000002f0cf775fb0 GCTaskThread "GC Thread#0" [stack: 0x000000fd6df00000,0x000000fd6e000000] [id=4132]
  0x000002f0cf7869e0 ConcurrentGCThread "G1 Main Marker" [stack: 0x000000fd6e000000,0x000000fd6e100000] [id=29884]
  0x000002f0cf787f50 ConcurrentGCThread "G1 Conc#0" [stack: 0x000000fd6e100000,0x000000fd6e200000] [id=21924]
  0x000002f0e97224c0 ConcurrentGCThread "G1 Refine#0" [stack: 0x000000fd6e200000,0x000000fd6e300000] [id=4716]
  0x000002f0e9722ed0 ConcurrentGCThread "G1 Young RemSet Sampling" [stack: 0x000000fd6e300000,0x000000fd6e400000] [id=27244]

Threads with active compile tasks:
C2 CompilerThread0     1989 1137   !   4       sun.font.TrueTypeFont::getTableBuffer (199 bytes)

VM state: not at safepoint (normal execution)

VM Mutex/Monitor currently owned by a thread: None

Heap address: 0x000000008aa00000, size: 1878 MB, Compressed Oops mode: 32-bit
CDS disabled.
Compressed class space mapped at: 0x0000000100000000-0x0000000140000000, size: 1073741824
Narrow klass base: 0x0000000000000000, Narrow klass shift: 3, Narrow klass range: 0x140000000

GC Precious Log:
 CPUs: 12 total, 12 available
 Memory: 7505M
 Large Page Support: Disabled
 NUMA Support: Disabled
 Compressed Oops: Enabled (32-bit)
 Heap Region Size: 1M
 Heap Min Capacity: 8M
 Heap Initial Capacity: 118M
 Heap Max Capacity: 1878M
 Pre-touch: Disabled
 Parallel Workers: 10
 Concurrent Workers: 3
 Concurrent Refinement Workers: 10
 Periodic GC: Disabled

Heap:
 garbage-first heap   total 120832K, used 25600K [0x000000008aa00000, 0x0000000100000000)
  region size 1024K, 21 young (21504K), 0 survivors (0K)
 Metaspace       used 15818K, capacity 15932K, committed 16000K, reserved 1062912K
  class space    used 1569K, capacity 1636K, committed 1664K, reserved 1048576K

Heap Regions: E=young(eden), S=young(survivor), O=old, HS=humongous(starts), HC=humongous(continues), CS=collection set, F=free, OA=open archive, CA=closed archive, TAMS=top-at-mark-start (previous, next)
|   0|0x000000008aa00000, 0x000000008ab00000, 0x000000008ab00000|100%|HS|  |TAMS 0x000000008aa00000, 0x000000008aa00000| Complete 
|   1|0x000000008ab00000, 0x000000008ac00000, 0x000000008ac00000|100%|HC|  |TAMS 0x000000008ab00000, 0x000000008ab00000| Complete 
|   2|0x000000008ac00000, 0x000000008ad00000, 0x000000008ad00000|100%|HS|  |TAMS 0x000000008ac00000, 0x000000008ac00000| Complete 
|   3|0x000000008ad00000, 0x000000008ae00000, 0x000000008ae00000|100%|HS|  |TAMS 0x000000008ad00000, 0x000000008ad00000| Complete 
|   4|0x000000008ae00000, 0x000000008af00000, 0x000000008af00000|100%|HC|  |TAMS 0x000000008ae00000, 0x000000008ae00000| Complete 
|   5|0x000000008af00000, 0x000000008af00000, 0x000000008b000000|  0%| F|  |TAMS 0x000000008af00000, 0x000000008af00000| Untracked 
|   6|0x000000008b000000, 0x000000008b000000, 0x000000008b100000|  0%| F|  |TAMS 0x000000008b000000, 0x000000008b000000| Untracked 
|   7|0x000000008b100000, 0x000000008b100000, 0x000000008b200000|  0%| F|  |TAMS 0x000000008b100000, 0x000000008b100000| Untracked 
|   8|0x000000008b200000, 0x000000008b200000, 0x000000008b300000|  0%| F|  |TAMS 0x000000008b200000, 0x000000008b200000| Untracked 
|   9|0x000000008b300000, 0x000000008b300000, 0x000000008b400000|  0%| F|  |TAMS 0x000000008b300000, 0x000000008b300000| Untracked 
|  10|0x000000008b400000, 0x000000008b400000, 0x000000008b500000|  0%| F|  |TAMS 0x000000008b400000, 0x000000008b400000| Untracked 
|  11|0x000000008b500000, 0x000000008b500000, 0x000000008b600000|  0%| F|  |TAMS 0x000000008b500000, 0x000000008b500000| Untracked 
|  12|0x000000008b600000, 0x000000008b600000, 0x000000008b700000|  0%| F|  |TAMS 0x000000008b600000, 0x000000008b600000| Untracked 
|  13|0x000000008b700000, 0x000000008b700000, 0x000000008b800000|  0%| F|  |TAMS 0x000000008b700000, 0x000000008b700000| Untracked 
|  14|0x000000008b800000, 0x000000008b800000, 0x000000008b900000|  0%| F|  |TAMS 0x000000008b800000, 0x000000008b800000| Untracked 
|  15|0x000000008b900000, 0x000000008b900000, 0x000000008ba00000|  0%| F|  |TAMS 0x000000008b900000, 0x000000008b900000| Untracked 
|  16|0x000000008ba00000, 0x000000008ba00000, 0x000000008bb00000|  0%| F|  |TAMS 0x000000008ba00000, 0x000000008ba00000| Untracked 
|  17|0x000000008bb00000, 0x000000008bb00000, 0x000000008bc00000|  0%| F|  |TAMS 0x000000008bb00000, 0x000000008bb00000| Untracked 
|  18|0x000000008bc00000, 0x000000008bc00000, 0x000000008bd00000|  0%| F|  |TAMS 0x000000008bc00000, 0x000000008bc00000| Untracked 
|  19|0x000000008bd00000, 0x000000008bd00000, 0x000000008be00000|  0%| F|  |TAMS 0x000000008bd00000, 0x000000008bd00000| Untracked 
|  20|0x000000008be00000, 0x000000008be00000, 0x000000008bf00000|  0%| F|  |TAMS 0x000000008be00000, 0x000000008be00000| Untracked 
|  21|0x000000008bf00000, 0x000000008bf00000, 0x000000008c000000|  0%| F|  |TAMS 0x000000008bf00000, 0x000000008bf00000| Untracked 
|  22|0x000000008c000000, 0x000000008c000000, 0x000000008c100000|  0%| F|  |TAMS 0x000000008c000000, 0x000000008c000000| Untracked 
|  23|0x000000008c100000, 0x000000008c100000, 0x000000008c200000|  0%| F|  |TAMS 0x000000008c100000, 0x000000008c100000| Untracked 
|  24|0x000000008c200000, 0x000000008c200000, 0x000000008c300000|  0%| F|  |TAMS 0x000000008c200000, 0x000000008c200000| Untracked 
|  25|0x000000008c300000, 0x000000008c300000, 0x000000008c400000|  0%| F|  |TAMS 0x000000008c300000, 0x000000008c300000| Untracked 
|  26|0x000000008c400000, 0x000000008c400000, 0x000000008c500000|  0%| F|  |TAMS 0x000000008c400000, 0x000000008c400000| Untracked 
|  27|0x000000008c500000, 0x000000008c500000, 0x000000008c600000|  0%| F|  |TAMS 0x000000008c500000, 0x000000008c500000| Untracked 
|  28|0x000000008c600000, 0x000000008c600000, 0x000000008c700000|  0%| F|  |TAMS 0x000000008c600000, 0x000000008c600000| Untracked 
|  29|0x000000008c700000, 0x000000008c700000, 0x000000008c800000|  0%| F|  |TAMS 0x000000008c700000, 0x000000008c700000| Untracked 
|  30|0x000000008c800000, 0x000000008c800000, 0x000000008c900000|  0%| F|  |TAMS 0x000000008c800000, 0x000000008c800000| Untracked 
|  31|0x000000008c900000, 0x000000008c900000, 0x000000008ca00000|  0%| F|  |TAMS 0x000000008c900000, 0x000000008c900000| Untracked 
|  32|0x000000008ca00000, 0x000000008ca00000, 0x000000008cb00000|  0%| F|  |TAMS 0x000000008ca00000, 0x000000008ca00000| Untracked 
|  33|0x000000008cb00000, 0x000000008cb00000, 0x000000008cc00000|  0%| F|  |TAMS 0x000000008cb00000, 0x000000008cb00000| Untracked 
|  34|0x000000008cc00000, 0x000000008cc00000, 0x000000008cd00000|  0%| F|  |TAMS 0x000000008cc00000, 0x000000008cc00000| Untracked 
|  35|0x000000008cd00000, 0x000000008cd00000, 0x000000008ce00000|  0%| F|  |TAMS 0x000000008cd00000, 0x000000008cd00000| Untracked 
|  36|0x000000008ce00000, 0x000000008ce00000, 0x000000008cf00000|  0%| F|  |TAMS 0x000000008ce00000, 0x000000008ce00000| Untracked 
|  37|0x000000008cf00000, 0x000000008cf00000, 0x000000008d000000|  0%| F|  |TAMS 0x000000008cf00000, 0x000000008cf00000| Untracked 
|  38|0x000000008d000000, 0x000000008d000000, 0x000000008d100000|  0%| F|  |TAMS 0x000000008d000000, 0x000000008d000000| Untracked 
|  39|0x000000008d100000, 0x000000008d100000, 0x000000008d200000|  0%| F|  |TAMS 0x000000008d100000, 0x000000008d100000| Untracked 
|  40|0x000000008d200000, 0x000000008d200000, 0x000000008d300000|  0%| F|  |TAMS 0x000000008d200000, 0x000000008d200000| Untracked 
|  41|0x000000008d300000, 0x000000008d300000, 0x000000008d400000|  0%| F|  |TAMS 0x000000008d300000, 0x000000008d300000| Untracked 
|  42|0x000000008d400000, 0x000000008d400000, 0x000000008d500000|  0%| F|  |TAMS 0x000000008d400000, 0x000000008d400000| Untracked 
|  43|0x000000008d500000, 0x000000008d500000, 0x000000008d600000|  0%| F|  |TAMS 0x000000008d500000, 0x000000008d500000| Untracked 
|  44|0x000000008d600000, 0x000000008d600000, 0x000000008d700000|  0%| F|  |TAMS 0x000000008d600000, 0x000000008d600000| Untracked 
|  45|0x000000008d700000, 0x000000008d700000, 0x000000008d800000|  0%| F|  |TAMS 0x000000008d700000, 0x000000008d700000| Untracked 
|  46|0x000000008d800000, 0x000000008d800000, 0x000000008d900000|  0%| F|  |TAMS 0x000000008d800000, 0x000000008d800000| Untracked 
|  47|0x000000008d900000, 0x000000008d900000, 0x000000008da00000|  0%| F|  |TAMS 0x000000008d900000, 0x000000008d900000| Untracked 
|  48|0x000000008da00000, 0x000000008da00000, 0x000000008db00000|  0%| F|  |TAMS 0x000000008da00000, 0x000000008da00000| Untracked 
|  49|0x000000008db00000, 0x000000008db00000, 0x000000008dc00000|  0%| F|  |TAMS 0x000000008db00000, 0x000000008db00000| Untracked 
|  50|0x000000008dc00000, 0x000000008dc00000, 0x000000008dd00000|  0%| F|  |TAMS 0x000000008dc00000, 0x000000008dc00000| Untracked 
|  51|0x000000008dd00000, 0x000000008dd00000, 0x000000008de00000|  0%| F|  |TAMS 0x000000008dd00000, 0x000000008dd00000| Untracked 
|  52|0x000000008de00000, 0x000000008de00000, 0x000000008df00000|  0%| F|  |TAMS 0x000000008de00000, 0x000000008de00000| Untracked 
|  53|0x000000008df00000, 0x000000008df00000, 0x000000008e000000|  0%| F|  |TAMS 0x000000008df00000, 0x000000008df00000| Untracked 
|  54|0x000000008e000000, 0x000000008e000000, 0x000000008e100000|  0%| F|  |TAMS 0x000000008e000000, 0x000000008e000000| Untracked 
|  55|0x000000008e100000, 0x000000008e100000, 0x000000008e200000|  0%| F|  |TAMS 0x000000008e100000, 0x000000008e100000| Untracked 
|  56|0x000000008e200000, 0x000000008e200000, 0x000000008e300000|  0%| F|  |TAMS 0x000000008e200000, 0x000000008e200000| Untracked 
|  57|0x000000008e300000, 0x000000008e300000, 0x000000008e400000|  0%| F|  |TAMS 0x000000008e300000, 0x000000008e300000| Untracked 
|  58|0x000000008e400000, 0x000000008e400000, 0x000000008e500000|  0%| F|  |TAMS 0x000000008e400000, 0x000000008e400000| Untracked 
|  59|0x000000008e500000, 0x000000008e500000, 0x000000008e600000|  0%| F|  |TAMS 0x000000008e500000, 0x000000008e500000| Untracked 
|  60|0x000000008e600000, 0x000000008e600000, 0x000000008e700000|  0%| F|  |TAMS 0x000000008e600000, 0x000000008e600000| Untracked 
|  61|0x000000008e700000, 0x000000008e700000, 0x000000008e800000|  0%| F|  |TAMS 0x000000008e700000, 0x000000008e700000| Untracked 
|  62|0x000000008e800000, 0x000000008e800000, 0x000000008e900000|  0%| F|  |TAMS 0x000000008e800000, 0x000000008e800000| Untracked 
|  63|0x000000008e900000, 0x000000008e900000, 0x000000008ea00000|  0%| F|  |TAMS 0x000000008e900000, 0x000000008e900000| Untracked 
|  64|0x000000008ea00000, 0x000000008ea00000, 0x000000008eb00000|  0%| F|  |TAMS 0x000000008ea00000, 0x000000008ea00000| Untracked 
|  65|0x000000008eb00000, 0x000000008eb00000, 0x000000008ec00000|  0%| F|  |TAMS 0x000000008eb00000, 0x000000008eb00000| Untracked 
|  66|0x000000008ec00000, 0x000000008ec00000, 0x000000008ed00000|  0%| F|  |TAMS 0x000000008ec00000, 0x000000008ec00000| Untracked 
|  67|0x000000008ed00000, 0x000000008ed00000, 0x000000008ee00000|  0%| F|  |TAMS 0x000000008ed00000, 0x000000008ed00000| Untracked 
|  68|0x000000008ee00000, 0x000000008ee00000, 0x000000008ef00000|  0%| F|  |TAMS 0x000000008ee00000, 0x000000008ee00000| Untracked 
|  69|0x000000008ef00000, 0x000000008ef00000, 0x000000008f000000|  0%| F|  |TAMS 0x000000008ef00000, 0x000000008ef00000| Untracked 
|  70|0x000000008f000000, 0x000000008f000000, 0x000000008f100000|  0%| F|  |TAMS 0x000000008f000000, 0x000000008f000000| Untracked 
|  71|0x000000008f100000, 0x000000008f100000, 0x000000008f200000|  0%| F|  |TAMS 0x000000008f100000, 0x000000008f100000| Untracked 
|  72|0x000000008f200000, 0x000000008f200000, 0x000000008f300000|  0%| F|  |TAMS 0x000000008f200000, 0x000000008f200000| Untracked 
|  73|0x000000008f300000, 0x000000008f300000, 0x000000008f400000|  0%| F|  |TAMS 0x000000008f300000, 0x000000008f300000| Untracked 
|  74|0x000000008f400000, 0x000000008f400000, 0x000000008f500000|  0%| F|  |TAMS 0x000000008f400000, 0x000000008f400000| Untracked 
|  75|0x000000008f500000, 0x000000008f500000, 0x000000008f600000|  0%| F|  |TAMS 0x000000008f500000, 0x000000008f500000| Untracked 
|  76|0x000000008f600000, 0x000000008f600000, 0x000000008f700000|  0%| F|  |TAMS 0x000000008f600000, 0x000000008f600000| Untracked 
|  77|0x000000008f700000, 0x000000008f700000, 0x000000008f800000|  0%| F|  |TAMS 0x000000008f700000, 0x000000008f700000| Untracked 
|  78|0x000000008f800000, 0x000000008f800000, 0x000000008f900000|  0%| F|  |TAMS 0x000000008f800000, 0x000000008f800000| Untracked 
|  79|0x000000008f900000, 0x000000008f900000, 0x000000008fa00000|  0%| F|  |TAMS 0x000000008f900000, 0x000000008f900000| Untracked 
|  80|0x000000008fa00000, 0x000000008fa00000, 0x000000008fb00000|  0%| F|  |TAMS 0x000000008fa00000, 0x000000008fa00000| Untracked 
|  81|0x000000008fb00000, 0x000000008fb00000, 0x000000008fc00000|  0%| F|  |TAMS 0x000000008fb00000, 0x000000008fb00000| Untracked 
|  82|0x000000008fc00000, 0x000000008fc00000, 0x000000008fd00000|  0%| F|  |TAMS 0x000000008fc00000, 0x000000008fc00000| Untracked 
|  83|0x000000008fd00000, 0x000000008fd00000, 0x000000008fe00000|  0%| F|  |TAMS 0x000000008fd00000, 0x000000008fd00000| Untracked 
|  84|0x000000008fe00000, 0x000000008fe00000, 0x000000008ff00000|  0%| F|  |TAMS 0x000000008fe00000, 0x000000008fe00000| Untracked 
|  85|0x000000008ff00000, 0x000000008ff00000, 0x0000000090000000|  0%| F|  |TAMS 0x000000008ff00000, 0x000000008ff00000| Untracked 
|  86|0x0000000090000000, 0x0000000090000000, 0x0000000090100000|  0%| F|  |TAMS 0x0000000090000000, 0x0000000090000000| Untracked 
|  87|0x0000000090100000, 0x0000000090100000, 0x0000000090200000|  0%| F|  |TAMS 0x0000000090100000, 0x0000000090100000| Untracked 
|  88|0x0000000090200000, 0x0000000090200000, 0x0000000090300000|  0%| F|  |TAMS 0x0000000090200000, 0x0000000090200000| Untracked 
|  89|0x0000000090300000, 0x0000000090300000, 0x0000000090400000|  0%| F|  |TAMS 0x0000000090300000, 0x0000000090300000| Untracked 
|  90|0x0000000090400000, 0x0000000090400000, 0x0000000090500000|  0%| F|  |TAMS 0x0000000090400000, 0x0000000090400000| Untracked 
|  91|0x0000000090500000, 0x0000000090500000, 0x0000000090600000|  0%| F|  |TAMS 0x0000000090500000, 0x0000000090500000| Untracked 
|  92|0x0000000090600000, 0x0000000090600000, 0x0000000090700000|  0%| F|  |TAMS 0x0000000090600000, 0x0000000090600000| Untracked 
|  93|0x0000000090700000, 0x0000000090700000, 0x0000000090800000|  0%| F|  |TAMS 0x0000000090700000, 0x0000000090700000| Untracked 
|  94|0x0000000090800000, 0x0000000090800000, 0x0000000090900000|  0%| F|  |TAMS 0x0000000090800000, 0x0000000090800000| Untracked 
|  95|0x0000000090900000, 0x0000000090900000, 0x0000000090a00000|  0%| F|  |TAMS 0x0000000090900000, 0x0000000090900000| Untracked 
|  96|0x0000000090a00000, 0x0000000090a00000, 0x0000000090b00000|  0%| F|  |TAMS 0x0000000090a00000, 0x0000000090a00000| Untracked 
|  97|0x0000000090b00000, 0x0000000090bec110, 0x0000000090c00000| 92%| E|  |TAMS 0x0000000090b00000, 0x0000000090b00000| Complete 
|  98|0x0000000090c00000, 0x0000000090d00000, 0x0000000090d00000|100%| E|CS|TAMS 0x0000000090c00000, 0x0000000090c00000| Complete 
|  99|0x0000000090d00000, 0x0000000090e00000, 0x0000000090e00000|100%| E|CS|TAMS 0x0000000090d00000, 0x0000000090d00000| Complete 
| 100|0x0000000090e00000, 0x0000000090f00000, 0x0000000090f00000|100%| E|CS|TAMS 0x0000000090e00000, 0x0000000090e00000| Complete 
| 101|0x0000000090f00000, 0x0000000091000000, 0x0000000091000000|100%| E|CS|TAMS 0x0000000090f00000, 0x0000000090f00000| Complete 
| 102|0x0000000091000000, 0x0000000091100000, 0x0000000091100000|100%| E|CS|TAMS 0x0000000091000000, 0x0000000091000000| Complete 
| 103|0x0000000091100000, 0x0000000091200000, 0x0000000091200000|100%| E|CS|TAMS 0x0000000091100000, 0x0000000091100000| Complete 
| 104|0x0000000091200000, 0x0000000091300000, 0x0000000091300000|100%| E|CS|TAMS 0x0000000091200000, 0x0000000091200000| Complete 
| 105|0x0000000091300000, 0x0000000091400000, 0x0000000091400000|100%| E|CS|TAMS 0x0000000091300000, 0x0000000091300000| Complete 
| 106|0x0000000091400000, 0x0000000091500000, 0x0000000091500000|100%| E|CS|TAMS 0x0000000091400000, 0x0000000091400000| Complete 
| 107|0x0000000091500000, 0x0000000091600000, 0x0000000091600000|100%| E|CS|TAMS 0x0000000091500000, 0x0000000091500000| Complete 
| 108|0x0000000091600000, 0x0000000091700000, 0x0000000091700000|100%| E|CS|TAMS 0x0000000091600000, 0x0000000091600000| Complete 
| 109|0x0000000091700000, 0x0000000091800000, 0x0000000091800000|100%| E|CS|TAMS 0x0000000091700000, 0x0000000091700000| Complete 
| 110|0x0000000091800000, 0x0000000091900000, 0x0000000091900000|100%| E|CS|TAMS 0x0000000091800000, 0x0000000091800000| Complete 
| 111|0x0000000091900000, 0x0000000091a00000, 0x0000000091a00000|100%| E|CS|TAMS 0x0000000091900000, 0x0000000091900000| Complete 
| 112|0x0000000091a00000, 0x0000000091b00000, 0x0000000091b00000|100%| E|CS|TAMS 0x0000000091a00000, 0x0000000091a00000| Complete 
| 113|0x0000000091b00000, 0x0000000091c00000, 0x0000000091c00000|100%| E|CS|TAMS 0x0000000091b00000, 0x0000000091b00000| Complete 
| 114|0x0000000091c00000, 0x0000000091d00000, 0x0000000091d00000|100%| E|CS|TAMS 0x0000000091c00000, 0x0000000091c00000| Complete 
| 115|0x0000000091d00000, 0x0000000091e00000, 0x0000000091e00000|100%| E|CS|TAMS 0x0000000091d00000, 0x0000000091d00000| Complete 
| 116|0x0000000091e00000, 0x0000000091f00000, 0x0000000091f00000|100%| E|CS|TAMS 0x0000000091e00000, 0x0000000091e00000| Complete 
| 117|0x0000000091f00000, 0x0000000092000000, 0x0000000092000000|100%| E|CS|TAMS 0x0000000091f00000, 0x0000000091f00000| Complete 

Card table byte_map: [0x000002f0e2a20000,0x000002f0e2dd0000] _byte_map_base: 0x000002f0e25cb000

Marking Bits (Prev, Next): (CMBitMap*) 0x000002f0cf7775c0, (CMBitMap*) 0x000002f0cf777600
 Prev Bits: [0x000002f0e3180000, 0x000002f0e4ed8000)
 Next Bits: [0x000002f0e4ee0000, 0x000002f0e6c38000)

Polling page: 0x000002f0cd2e0000

Metaspace:

Usage:
  Non-class:     13.96 MB capacity,    13.92 MB (>99%) used,    28.80 KB ( <1%) free+waste,    18.06 KB ( <1%) overhead. 
      Class:      1.60 MB capacity,     1.53 MB ( 96%) used,    59.98 KB (  4%) free+waste,     6.25 KB ( <1%) overhead. 
       Both:     15.56 MB capacity,    15.45 MB (>99%) used,    88.78 KB ( <1%) free+waste,    24.31 KB ( <1%) overhead. 

Virtual space:
  Non-class space:       14.00 MB reserved,      14.00 MB (100%) committed 
      Class space:        1.00 GB reserved,       1.62 MB ( <1%) committed 
             Both:        1.01 GB reserved,      15.62 MB (  2%) committed 

Chunk freelists:
   Non-Class:  40.00 KB
       Class:  28.00 KB
        Both:  68.00 KB

MaxMetaspaceSize: 17179869184.00 GB
CompressedClassSpaceSize: 1.00 GB

CodeHeap 'non-profiled nmethods': size=120000Kb used=385Kb max_used=385Kb free=119614Kb
 bounds [0x000002f0dabf0000, 0x000002f0dae60000, 0x000002f0e2120000]
CodeHeap 'profiled nmethods': size=120000Kb used=1989Kb max_used=1989Kb free=118010Kb
 bounds [0x000002f0d36c0000, 0x000002f0d3930000, 0x000002f0dabf0000]
CodeHeap 'non-nmethods': size=5760Kb used=1290Kb max_used=1303Kb free=4469Kb
 bounds [0x000002f0d3120000, 0x000002f0d3390000, 0x000002f0d36c0000]
 total_blobs=1773 nmethods=1188 adapters=498
 compilation: enabled
              stopped_count=0, restarted_count=0
 full_count=0

Compilation events (20 events):
Event: 1.886 Thread 0x000002f0f038b040 1143       4       java.nio.Buffer::nextGetIndex (30 bytes)
Event: 1.887 Thread 0x000002f0f038b040 nmethod 1143 0x000002f0dac4b710 code [0x000002f0dac4b880, 0x000002f0dac4b918]
Event: 1.887 Thread 0x000002f0f038b040 1140       4       java.nio.channels.spi.AbstractInterruptibleChannel::end (53 bytes)
Event: 1.889 Thread 0x000002f0f038b040 nmethod 1140 0x000002f0dac4ba10 code [0x000002f0dac4bba0, 0x000002f0dac4be18]
Event: 1.889 Thread 0x000002f0f038b040 1135       4       java.nio.ByteBuffer::flip (7 bytes)
Event: 1.890 Thread 0x000002f0f038b040 nmethod 1135 0x000002f0dac4c310 code [0x000002f0dac4c480, 0x000002f0dac4c4f8]
Event: 1.899 Thread 0x000002f0ea168b40 1146       1       javax.swing.text.GapVector::getGapStart (5 bytes)
Event: 1.899 Thread 0x000002f0ea168b40 nmethod 1146 0x000002f0dac4c610 code [0x000002f0dac4c7a0, 0x000002f0dac4c858]
Event: 1.899 Thread 0x000002f0ea168b40 1147       1       javax.swing.text.GapVector::getGapEnd (5 bytes)
Event: 1.899 Thread 0x000002f0ea168b40 nmethod 1147 0x000002f0dac4c910 code [0x000002f0dac4caa0, 0x000002f0dac4cb58]
Event: 1.899 Thread 0x000002f0ea168b40 1148       3       java.lang.Double::isNaN (12 bytes)
Event: 1.899 Thread 0x000002f0ea168b40 nmethod 1148 0x000002f0d38a9010 code [0x000002f0d38a91a0, 0x000002f0d38a92f8]
Event: 1.899 Thread 0x000002f0ea168b40 1149       3       java.awt.Component::getParent (5 bytes)
Event: 1.899 Thread 0x000002f0ea168b40 nmethod 1149 0x000002f0d38a9390 code [0x000002f0d38a9520, 0x000002f0d38a9638]
Event: 1.910 Thread 0x000002f0f038b040 1150       4       jdk.internal.misc.Unsafe::getCharUnaligned (12 bytes)
Event: 1.910 Thread 0x000002f0f038b040 nmethod 1150 0x000002f0dac4cc10 code [0x000002f0dac4cd80, 0x000002f0dac4ce18]
Event: 1.915 Thread 0x000002f0ea168b40 1151       3       java.lang.Double::doubleToLongBits (16 bytes)
Event: 1.916 Thread 0x000002f0ea168b40 nmethod 1151 0x000002f0d38a9710 code [0x000002f0d38a98c0, 0x000002f0d38a9af8]
Event: 1.917 Thread 0x000002f0ea168b40 1152  s    3       sun.font.FontManagerFactory::getInstance (25 bytes)
Event: 1.917 Thread 0x000002f0ea168b40 nmethod 1152 0x000002f0d38a9b90 code [0x000002f0d38a9d80, 0x000002f0d38aa2d8]

GC Heap History (0 events):
No events

Deoptimization events (20 events):
Event: 1.732 Thread 0x000002f0f02b6bf0 Uncommon trap: trap_request=0xffffffde fr.pc=0x000002f0dac28f08 relative=0x0000000000000be8
Event: 1.732 Thread 0x000002f0f02b6bf0 Uncommon trap: reason=class_check action=maybe_recompile pc=0x000002f0dac28f08 method=java.util.HashMap.putVal(ILjava/lang/Object;Ljava/lang/Object;ZZ)Ljava/lang/Object; @ 203 c2
Event: 1.732 Thread 0x000002f0f02b6bf0 DEOPT PACKING pc=0x000002f0dac28f08 sp=0x000000fd700fc9e0
Event: 1.732 Thread 0x000002f0f02b6bf0 DEOPT UNPACKING pc=0x000002f0d316e42f sp=0x000000fd700fc910 mode 2
Event: 1.732 Thread 0x000002f0f02b6bf0 Uncommon trap: trap_request=0xffffffde fr.pc=0x000002f0dac28f08 relative=0x0000000000000be8
Event: 1.732 Thread 0x000002f0f02b6bf0 Uncommon trap: reason=class_check action=maybe_recompile pc=0x000002f0dac28f08 method=java.util.HashMap.putVal(ILjava/lang/Object;Ljava/lang/Object;ZZ)Ljava/lang/Object; @ 203 c2
Event: 1.732 Thread 0x000002f0f02b6bf0 DEOPT PACKING pc=0x000002f0dac28f08 sp=0x000000fd700fc9e0
Event: 1.732 Thread 0x000002f0f02b6bf0 DEOPT UNPACKING pc=0x000002f0d316e42f sp=0x000000fd700fc910 mode 2
Event: 1.732 Thread 0x000002f0f02b6bf0 Uncommon trap: trap_request=0xffffffde fr.pc=0x000002f0dac28f08 relative=0x0000000000000be8
Event: 1.732 Thread 0x000002f0f02b6bf0 Uncommon trap: reason=class_check action=maybe_recompile pc=0x000002f0dac28f08 method=java.util.HashMap.putVal(ILjava/lang/Object;Ljava/lang/Object;ZZ)Ljava/lang/Object; @ 203 c2
Event: 1.732 Thread 0x000002f0f02b6bf0 DEOPT PACKING pc=0x000002f0dac28f08 sp=0x000000fd700fc9e0
Event: 1.732 Thread 0x000002f0f02b6bf0 DEOPT UNPACKING pc=0x000002f0d316e42f sp=0x000000fd700fc910 mode 2
Event: 1.734 Thread 0x000002f0f02b6bf0 Uncommon trap: trap_request=0xffffff45 fr.pc=0x000002f0dac089cc relative=0x000000000000022c
Event: 1.734 Thread 0x000002f0f02b6bf0 Uncommon trap: reason=unstable_if action=reinterpret pc=0x000002f0dac089cc method=java.lang.String.hashCode()I @ 20 c2
Event: 1.734 Thread 0x000002f0f02b6bf0 DEOPT PACKING pc=0x000002f0dac089cc sp=0x000000fd700fc9a0
Event: 1.734 Thread 0x000002f0f02b6bf0 DEOPT UNPACKING pc=0x000002f0d316e42f sp=0x000000fd700fc930 mode 2
Event: 1.780 Thread 0x000002f0f02b6bf0 Uncommon trap: trap_request=0xffffff45 fr.pc=0x000002f0dac44a68 relative=0x00000000000003a8
Event: 1.780 Thread 0x000002f0f02b6bf0 Uncommon trap: reason=unstable_if action=reinterpret pc=0x000002f0dac44a68 method=java.lang.Character.isSurrogate(C)Z @ 3 c2
Event: 1.780 Thread 0x000002f0f02b6bf0 DEOPT PACKING pc=0x000002f0dac44a68 sp=0x000000fd700fc6b0
Event: 1.780 Thread 0x000002f0f02b6bf0 DEOPT UNPACKING pc=0x000002f0d316e42f sp=0x000000fd700fc5c8 mode 2

Classes unloaded (0 events):
No events

Classes redefined (0 events):
No events

Internal exceptions (15 events):
Event: 0.221 Thread 0x000002f0cf736530 Exception <a 'java/lang/NoSuchMethodError'{0x0000000091e22720}: 'void java.lang.invoke.DirectMethodHandle$Holder.invokeSpecial(java.lang.Object, java.lang.Object, java.lang.Object)'> (0x0000000091e22720) 
thrown [./open/src/hotspot/share/interpreter/linkResolver.cpp, line 782]
Event: 0.266 Thread 0x000002f0cf736530 Exception <a 'java/lang/ClassNotFoundException'{0x0000000091e42130}: sun/awt/resources/spi/awtProvider> (0x0000000091e42130) 
thrown [./open/src/hotspot/share/classfile/systemDictionary.cpp, line 295]
Event: 0.335 Thread 0x000002f0cf736530 Exception <a 'java/io/FileNotFoundException'{0x0000000091e9e508}> (0x0000000091e9e508) 
thrown [./open/src/hotspot/share/prims/jni.cpp, line 578]
Event: 0.351 Thread 0x000002f0cf736530 Exception <a 'java/io/FileNotFoundException'{0x0000000091ecce00}> (0x0000000091ecce00) 
thrown [./open/src/hotspot/share/prims/jni.cpp, line 578]
Event: 0.353 Thread 0x000002f0cf736530 Exception <a 'java/lang/NoSuchMethodError'{0x0000000091ece168}: 'java.lang.Object java.lang.invoke.DirectMethodHandle$Holder.invokeStatic(java.lang.Object)'> (0x0000000091ece168) 
thrown [./open/src/hotspot/share/interpreter/linkResolver.cpp, line 782]
Event: 0.443 Thread 0x000002f0cf736530 Exception <a 'java/lang/NoSuchMethodError'{0x0000000091d2a798}: 'java.lang.Object java.lang.invoke.DirectMethodHandle$Holder.invokeStaticInit(java.lang.Object)'> (0x0000000091d2a798) 
thrown [./open/src/hotspot/share/interpreter/linkResolver.cpp, line 782]
Event: 0.671 Thread 0x000002f0cf736530 Exception <a 'java/lang/NoSuchMethodError'{0x0000000091c13ae8}: 'java.lang.Object java.lang.invoke.DirectMethodHandle$Holder.newInvokeSpecial(java.lang.Object, java.lang.Object, java.lang.Object, java.lang.Object, java.lang.Object)'> (0x0000000091c13ae8) 
thrown [./open/src/hotspot/share/interpreter/linkResolver.cpp, line 782]
Event: 0.673 Thread 0x000002f0cf736530 Exception <a 'java/lang/NoSuchMethodError'{0x0000000091c1f578}: 'java.lang.Object java.lang.invoke.DirectMethodHandle$Holder.invokeStatic(java.lang.Object, int, java.lang.Object, java.lang.Object, java.lang.Object, java.lang.Object)'> (0x0000000091c1f578) 
thrown [./open/src/hotspot/share/interpreter/linkResolver.cpp, line 782]
Event: 0.677 Thread 0x000002f0cf736530 Exception <a 'java/lang/NoSuchMethodError'{0x0000000091c45820}: 'java.lang.Object java.lang.invoke.DirectMethodHandle$Holder.invokeStatic(java.lang.Object, int, java.lang.Object)'> (0x0000000091c45820) 
thrown [./open/src/hotspot/share/interpreter/linkResolver.cpp, line 782]
Event: 0.711 Thread 0x000002f0cf736530 Exception <a 'java/lang/ClassNotFoundException'{0x0000000091cfdfb0}: com/sun/swing/internal/plaf/metal/resources/spi/metalProvider> (0x0000000091cfdfb0) 
thrown [./open/src/hotspot/share/classfile/systemDictionary.cpp, line 295]
Event: 0.712 Thread 0x000002f0cf736530 Exception <a 'java/lang/ClassNotFoundException'{0x0000000091b02868}: com/sun/swing/internal/plaf/basic/resources/spi/basicProvider> (0x0000000091b02868) 
thrown [./open/src/hotspot/share/classfile/systemDictionary.cpp, line 295]
Event: 0.839 Thread 0x000002f0eaae5450 Exception <a 'java/lang/NoSuchMethodError'{0x0000000091af8b80}: 'java.lang.Object java.lang.invoke.DirectMethodHandle$Holder.newInvokeSpecial(java.lang.Object, java.lang.Object, java.lang.Object, int, int, int, int, int)'> (0x0000000091af8b80) 
thrown [./open/src/hotspot/share/interpreter/linkResolver.cpp, line 782]
Event: 1.071 Thread 0x000002f0cf736530 Exception <a 'java/lang/NoSuchMethodError'{0x000000009140f988}: 'void java.lang.invoke.DirectMethodHandle$Holder.invokeStaticInit(java.lang.Object)'> (0x000000009140f988) 
thrown [./open/src/hotspot/share/interpreter/linkResolver.cpp, line 782]
Event: 1.317 Thread 0x000002f0f02b6bf0 Exception <a 'java/io/FileNotFoundException'{0x00000000914efcb0}> (0x00000000914efcb0) 
thrown [./open/src/hotspot/share/prims/jni.cpp, line 578]
Event: 1.324 Thread 0x000002f0f02b6bf0 Exception <a 'java/io/FileNotFoundException'{0x0000000091308198}> (0x0000000091308198) 
thrown [./open/src/hotspot/share/prims/jni.cpp, line 578]

Events (20 events):
Event: 1.890 loading class javax/swing/JToolBar
Event: 1.891 loading class javax/swing/JToolBar done
Event: 1.891 loading class javax/swing/text/SegmentCache
Event: 1.892 loading class javax/swing/text/SegmentCache done
Event: 1.892 loading class javax/swing/text/SegmentCache$CachedSegment
Event: 1.892 loading class javax/swing/text/Segment
Event: 1.892 loading class java/text/CharacterIterator
Event: 1.892 loading class java/text/CharacterIterator done
Event: 1.892 loading class javax/swing/text/Segment done
Event: 1.892 loading class javax/swing/text/SegmentCache$CachedSegment done
Event: 1.892 loading class javax/swing/text/Utilities
Event: 1.893 loading class javax/swing/text/Utilities done
Event: 1.894 loading class javax/swing/event/ChangeEvent
Event: 1.894 loading class javax/swing/event/ChangeEvent done
Event: 1.894 loading class java/applet/Applet
Event: 1.895 loading class java/awt/Panel
Event: 1.895 loading class java/awt/Panel done
Event: 1.895 loading class java/applet/Applet done
Event: 1.916 loading class sun/awt/image/BufImgSurfaceManager
Event: 1.916 loading class sun/awt/image/BufImgSurfaceManager done


Dynamic libraries:
0x00007ff76b970000 - 0x00007ff76b97d000 	C:\Users\sakaul\Downloads\eclipse\plugins\org.eclipse.justj.openjdk.hotspot.jre.full.win32.x86_64_15.0.2.v20210201-0955\jre\bin\javaw.exe
0x00007ffd32e70000 - 0x00007ffd33065000 	C:\WINDOWS\SYSTEM32\ntdll.dll
0x00007ffd32870000 - 0x00007ffd3292d000 	C:\WINDOWS\System32\KERNEL32.DLL
0x00007ffd30a60000 - 0x00007ffd30d29000 	C:\WINDOWS\System32\KERNELBASE.dll
0x00007ffd30690000 - 0x00007ffd30790000 	C:\WINDOWS\System32\ucrtbase.dll
0x00007ffd2d110000 - 0x00007ffd2d129000 	C:\Users\sakaul\Downloads\eclipse\plugins\org.eclipse.justj.openjdk.hotspot.jre.full.win32.x86_64_15.0.2.v20210201-0955\jre\bin\VCRUNTIME140.dll
0x00007ffd1d140000 - 0x00007ffd1d158000 	C:\Users\sakaul\Downloads\eclipse\plugins\org.eclipse.justj.openjdk.hotspot.jre.full.win32.x86_64_15.0.2.v20210201-0955\jre\bin\jli.dll
0x00007ffd31fd0000 - 0x00007ffd32170000 	C:\WINDOWS\System32\USER32.dll
0x00007ffd0f470000 - 0x00007ffd0f70a000 	C:\WINDOWS\WinSxS\amd64_microsoft.windows.common-controls_6595b64144ccf1df_6.0.19041.1110_none_60b5254171f9507e\COMCTL32.dll
0x00007ffd30f50000 - 0x00007ffd30fee000 	C:\WINDOWS\System32\msvcrt.dll
0x00007ffd309a0000 - 0x00007ffd309c2000 	C:\WINDOWS\System32\win32u.dll
0x00007ffd313f0000 - 0x00007ffd3141a000 	C:\WINDOWS\System32\GDI32.dll
0x00007ffd30dd0000 - 0x00007ffd30edb000 	C:\WINDOWS\System32\gdi32full.dll
0x00007ffd30d30000 - 0x00007ffd30dcd000 	C:\WINDOWS\System32\msvcp_win.dll
0x00007ffd30ff0000 - 0x00007ffd31020000 	C:\WINDOWS\System32\IMM32.DLL
0x000002f0cd300000 - 0x000002f0cd313000 	C:\WINDOWS\System32\umppc13909.dll
0x00007ffd30000000 - 0x00007ffd30124000 	C:\Program Files\Avecto\Privilege Guard Client\PGHook.dll
0x00007ffd31890000 - 0x00007ffd31fcf000 	C:\WINDOWS\System32\shell32.dll
0x00007ffd31130000 - 0x00007ffd311dc000 	C:\WINDOWS\System32\ADVAPI32.dll
0x00007ffd327d0000 - 0x00007ffd3286b000 	C:\WINDOWS\System32\sechost.dll
0x00007ffd32990000 - 0x00007ffd32aba000 	C:\WINDOWS\System32\RPCRT4.dll
0x00007ffd2fe60000 - 0x00007ffd2fe78000 	C:\WINDOWS\SYSTEM32\CRYPTSP.dll
0x00007ffd2fe20000 - 0x00007ffd2fe54000 	C:\WINDOWS\system32\rsaenh.dll
0x00007ffd30a30000 - 0x00007ffd30a57000 	C:\WINDOWS\System32\bcrypt.dll
0x00007ffd2fe10000 - 0x00007ffd2fe1c000 	C:\WINDOWS\SYSTEM32\CRYPTBASE.dll
0x00007ffd305b0000 - 0x00007ffd30633000 	C:\WINDOWS\System32\bcryptPrimitives.dll
0x00007ffd2d0b0000 - 0x00007ffd2d0bc000 	C:\Users\sakaul\Downloads\eclipse\plugins\org.eclipse.justj.openjdk.hotspot.jre.full.win32.x86_64_15.0.2.v20210201-0955\jre\bin\vcruntime140_1.dll
0x00007ffce7d00000 - 0x00007ffce7d91000 	C:\Users\sakaul\Downloads\eclipse\plugins\org.eclipse.justj.openjdk.hotspot.jre.full.win32.x86_64_15.0.2.v20210201-0955\jre\bin\msvcp140.dll
0x00007ffcc9d20000 - 0x00007ffcca87e000 	C:\Users\sakaul\Downloads\eclipse\plugins\org.eclipse.justj.openjdk.hotspot.jre.full.win32.x86_64_15.0.2.v20210201-0955\jre\bin\server\jvm.dll
0x00007ffd32c50000 - 0x00007ffd32c58000 	C:\WINDOWS\System32\PSAPI.DLL
0x00007ffd10ef0000 - 0x00007ffd10ef9000 	C:\WINDOWS\SYSTEM32\WSOCK32.dll
0x00007ffd30ee0000 - 0x00007ffd30f4b000 	C:\WINDOWS\System32\WS2_32.dll
0x00007ffd24cc0000 - 0x00007ffd24ce7000 	C:\WINDOWS\SYSTEM32\WINMM.dll
0x00007ffd28400000 - 0x00007ffd2840a000 	C:\WINDOWS\SYSTEM32\VERSION.dll
0x00007ffd2ed40000 - 0x00007ffd2ed52000 	C:\WINDOWS\SYSTEM32\kernel.appcore.dll
0x00007ffd2cf90000 - 0x00007ffd2cf9a000 	C:\Users\sakaul\Downloads\eclipse\plugins\org.eclipse.justj.openjdk.hotspot.jre.full.win32.x86_64_15.0.2.v20210201-0955\jre\bin\jimage.dll
0x00007ffd2e0b0000 - 0x00007ffd2e294000 	C:\WINDOWS\SYSTEM32\DBGHELP.DLL
0x00007ffd11a10000 - 0x00007ffd11a3c000 	C:\WINDOWS\SYSTEM32\dbgcore.DLL
0x00007ffd0e000000 - 0x00007ffd0e025000 	C:\Users\sakaul\Downloads\eclipse\plugins\org.eclipse.justj.openjdk.hotspot.jre.full.win32.x86_64_15.0.2.v20210201-0955\jre\bin\java.dll
0x00007ffd2a200000 - 0x00007ffd2a218000 	C:\Users\sakaul\Downloads\eclipse\plugins\org.eclipse.justj.openjdk.hotspot.jre.full.win32.x86_64_15.0.2.v20210201-0955\jre\bin\zip.dll
0x00007ffd2e510000 - 0x00007ffd2eca1000 	C:\WINDOWS\SYSTEM32\windows.storage.dll
0x00007ffd32310000 - 0x00007ffd32665000 	C:\WINDOWS\System32\combase.dll
0x00007ffd2fe80000 - 0x00007ffd2feac000 	C:\WINDOWS\SYSTEM32\Wldp.dll
0x00007ffd32260000 - 0x00007ffd3230e000 	C:\WINDOWS\System32\SHCORE.dll
0x00007ffd32930000 - 0x00007ffd32985000 	C:\WINDOWS\System32\shlwapi.dll
0x00007ffd304f0000 - 0x00007ffd3050f000 	C:\WINDOWS\SYSTEM32\profapi.dll
0x00007ffce53f0000 - 0x00007ffce556f000 	C:\Users\sakaul\Downloads\eclipse\plugins\org.eclipse.justj.openjdk.hotspot.jre.full.win32.x86_64_15.0.2.v20210201-0955\jre\bin\awt.dll
0x00007ffd32180000 - 0x00007ffd3224d000 	C:\WINDOWS\System32\OLEAUT32.dll
0x00007ffd2c6b0000 - 0x00007ffd2c740000 	C:\WINDOWS\SYSTEM32\apphelp.dll
0x00007ffd2d160000 - 0x00007ffd2d18f000 	C:\WINDOWS\system32\DWMAPI.DLL
0x00007ffd2ccd0000 - 0x00007ffd2cd6e000 	C:\WINDOWS\system32\uxtheme.dll
0x00007ffcf0e10000 - 0x00007ffcf0f35000 	C:\WINDOWS\system32\opengl32.dll
0x00007ffd05e40000 - 0x00007ffd05e6c000 	C:\WINDOWS\SYSTEM32\GLU32.dll
0x00007ffd32c80000 - 0x00007ffd32d95000 	C:\WINDOWS\System32\MSCTF.dll
0x00007ffd32b20000 - 0x00007ffd32c4a000 	C:\WINDOWS\System32\ole32.dll
0x00007ffcf14d0000 - 0x00007ffcf169e000 	C:\WINDOWS\system32\d3d9.dll
0x00007ffd24a10000 - 0x00007ffd24beb000 	C:\WINDOWS\System32\DriverStore\FileRepository\u0359311.inf_amd64_bfaf56ed27c1e4e2\B359054\aticfx64.dll
0x00007ffd0ed00000 - 0x00007ffd0ed33000 	C:\WINDOWS\System32\DriverStore\FileRepository\u0359311.inf_amd64_bfaf56ed27c1e4e2\B359054\atiu9p64.dll
0x00007ffcc6920000 - 0x00007ffcc75b6000 	C:\WINDOWS\System32\DriverStore\FileRepository\u0359311.inf_amd64_bfaf56ed27c1e4e2\B359054\atiumd64.dll
0x00000000558e0000 - 0x0000000056759000 	C:\WINDOWS\System32\DriverStore\FileRepository\u0359311.inf_amd64_bfaf56ed27c1e4e2\B359054\atiumd6a.dll
0x00007ffd30170000 - 0x00007ffd301bb000 	C:\WINDOWS\SYSTEM32\POWRPROF.dll
0x00007ffd30130000 - 0x00007ffd30142000 	C:\WINDOWS\SYSTEM32\UMPDC.dll
0x00007ffd2bff0000 - 0x00007ffd2c01f000 	C:\WINDOWS\SYSTEM32\amdihk64.dll
0x00007ffd25d80000 - 0x00007ffd25dbb000 	C:\WINDOWS\SYSTEM32\dxcore.dll
0x00007ffd30640000 - 0x00007ffd3068e000 	C:\WINDOWS\System32\cfgmgr32.dll
0x00007ffce60c0000 - 0x00007ffce6145000 	C:\Users\sakaul\Downloads\eclipse\plugins\org.eclipse.justj.openjdk.hotspot.jre.full.win32.x86_64_15.0.2.v20210201-0955\jre\bin\freetype.dll
0x00007ffce5640000 - 0x00007ffce56e9000 	C:\Users\sakaul\Downloads\eclipse\plugins\org.eclipse.justj.openjdk.hotspot.jre.full.win32.x86_64_15.0.2.v20210201-0955\jre\bin\fontmanager.dll
0x00007ffd31020000 - 0x00007ffd310c9000 	C:\WINDOWS\System32\clbcatq.dll
0x00007ffd29050000 - 0x00007ffd29204000 	C:\WINDOWS\SYSTEM32\WindowsCodecs.dll
0x00007ffd0d8f0000 - 0x00007ffd0d92e000 	C:\WINDOWS\system32\dataexchange.dll
0x00007ffd2e2a0000 - 0x00007ffd2e504000 	C:\WINDOWS\system32\d3d11.dll
0x00007ffd2b9a0000 - 0x00007ffd2bb86000 	C:\WINDOWS\system32\dcomp.dll
0x00007ffd2ee80000 - 0x00007ffd2ef74000 	C:\WINDOWS\system32\dxgi.dll
0x00007ffd2aac0000 - 0x00007ffd2acc1000 	C:\WINDOWS\system32\twinapi.appcore.dll
0x00007ffd1b460000 - 0x00007ffd1b559000 	C:\WINDOWS\SYSTEM32\textinputframework.dll
0x00007ffd2bb90000 - 0x00007ffd2beee000 	C:\WINDOWS\System32\CoreUIComponents.dll
0x00007ffd2bef0000 - 0x00007ffd2bfe2000 	C:\WINDOWS\System32\CoreMessaging.dll
0x00007ffd2f0a0000 - 0x00007ffd2f0d3000 	C:\WINDOWS\SYSTEM32\ntmarta.dll
0x00007ffd2b330000 - 0x00007ffd2b484000 	C:\WINDOWS\SYSTEM32\wintypes.dll
0x000002f0f1510000 - 0x000002f0f1521000 	c:\Eracent.epa\EPM\EracentEPMHookLib_11.0.11.0.dll
0x00007ffd2cf70000 - 0x00007ffd2cf89000 	C:\Users\sakaul\Downloads\eclipse\plugins\org.eclipse.justj.openjdk.hotspot.jre.full.win32.x86_64_15.0.2.v20210201-0955\jre\bin\net.dll
0x00007ffd2afd0000 - 0x00007ffd2b0da000 	C:\WINDOWS\SYSTEM32\WINHTTP.dll
0x00007ffd2fba0000 - 0x00007ffd2fc0a000 	C:\WINDOWS\system32\mswsock.dll
0x00007ffd2a7c0000 - 0x00007ffd2a7d2000 	C:\Users\sakaul\Downloads\eclipse\plugins\org.eclipse.justj.openjdk.hotspot.jre.full.win32.x86_64_15.0.2.v20210201-0955\jre\bin\nio.dll

dbghelp: loaded successfully - version: 4.0.5 - missing functions: none
symbol engine: initialized successfully - sym options: 0x614 - pdb path: .;C:\Users\sakaul\Downloads\eclipse\plugins\org.eclipse.justj.openjdk.hotspot.jre.full.win32.x86_64_15.0.2.v20210201-0955\jre\bin;C:\WINDOWS\SYSTEM32;C:\WINDOWS\WinSxS\amd64_microsoft.windows.common-controls_6595b64144ccf1df_6.0.19041.1110_none_60b5254171f9507e;C:\Program Files\Avecto\Privilege Guard Client;C:\Users\sakaul\Downloads\eclipse\plugins\org.eclipse.justj.openjdk.hotspot.jre.full.win32.x86_64_15.0.2.v20210201-0955\jre\bin\server;C:\WINDOWS\System32\DriverStore\FileRepository\u0359311.inf_amd64_bfaf56ed27c1e4e2\B359054;c:\Eracent.epa\EPM

VM Arguments:
jvm_args: -Dfile.encoding=Cp1252 -XX:+ShowCodeDetailsInExceptionMessages 
java_command: com.chatting.apps.Server
java_class_path (initial): C:\Users\sakaul\git\ChattingApplication\Chatting App\bin
Launcher Type: SUN_STANDARD

[Global flags]
     intx CICompilerCount                          = 4                                         {product} {ergonomic}
     uint ConcGCThreads                            = 3                                         {product} {ergonomic}
     uint G1ConcRefinementThreads                  = 10                                        {product} {ergonomic}
   size_t G1HeapRegionSize                         = 1048576                                   {product} {ergonomic}
    uintx GCDrainStackTargetSize                   = 64                                        {product} {ergonomic}
   size_t InitialHeapSize                          = 123731968                                 {product} {ergonomic}
   size_t MarkStackSize                            = 4194304                                   {product} {ergonomic}
   size_t MaxHeapSize                              = 1969225728                                {product} {ergonomic}
   size_t MaxNewSize                               = 1180696576                                {product} {ergonomic}
   size_t MinHeapDeltaBytes                        = 1048576                                   {product} {ergonomic}
   size_t MinHeapSize                              = 8388608                                   {product} {ergonomic}
    uintx NonNMethodCodeHeapSize                   = 5839372                                {pd product} {ergonomic}
    uintx NonProfiledCodeHeapSize                  = 122909434                              {pd product} {ergonomic}
    uintx ProfiledCodeHeapSize                     = 122909434                              {pd product} {ergonomic}
    uintx ReservedCodeCacheSize                    = 251658240                              {pd product} {ergonomic}
     bool SegmentedCodeCache                       = true                                      {product} {ergonomic}
     bool ShowCodeDetailsInExceptionMessages       = true                                   {manageable} {command line}
   size_t SoftMaxHeapSize                          = 1969225728                             {manageable} {ergonomic}
     bool UseCompressedClassPointers               = true                                 {lp64_product} {ergonomic}
     bool UseCompressedOops                        = true                                 {lp64_product} {ergonomic}
     bool UseG1GC                                  = true                                      {product} {ergonomic}
     bool UseLargePagesIndividualAllocation        = false                                  {pd product} {ergonomic}

Logging:
Log output configuration:
 #0: stdout all=warning uptime,level,tags
 #1: stderr all=off uptime,level,tags

Environment Variables:
PATH=C:/Users/sakaul/Downloads/eclipse//plugins/org.eclipse.justj.openjdk.hotspot.jre.full.win32.x86_64_15.0.2.v20210201-0955/jre/bin/server;C:/Users/sakaul/Downloads/eclipse//plugins/org.eclipse.justj.openjdk.hotspot.jre.full.win32.x86_64_15.0.2.v20210201-0955/jre/bin;C:\Program Files\AdoptOpenJDK\jdk-15.0.0.36-hotspot\bin;C:\WINDOWS\system32;C:\WINDOWS;C:\WINDOWS\System32\Wbem;C:\WINDOWS\System32\WindowsPowerShell\v1.0\;C:\WINDOWS\System32\OpenSSH\;C:\Users\sakaul\AppData\Local\Microsoft\WindowsApps;;C:\Users\sakaul\Downloads\eclipse;
USERNAME=sakaul
OS=Windows_NT
PROCESSOR_IDENTIFIER=AMD64 Family 23 Model 96 Stepping 1, AuthenticAMD



---------------  S Y S T E M  ---------------

OS:
 Windows 10 , 64 bit Build 19041 (10.0.19041.1023)
OS uptime: 12 days 2:04 hours

CPU: total 12 (initial active 12) (12 cores per cpu, 2 threads per core) family 23 model 96 stepping 1 microcode 0x0, cmov, cx8, fxsr, mmx, sse, sse2, sse3, ssse3, sse4.1, sse4.2, popcnt, vzeroupper, avx, avx2, aes, clmul, 3dnowpref, lzcnt, sse4a, ht, tsc, tscinvbit, tscinv, bmi1, bmi2, adx, sha, fma, clflush, clflushopt

Memory: 4k page, system-wide physical 7505M (403M free)
TotalPageFile size 30033M (AvailPageFile size 3M)
current process WorkingSet (physical memory assigned to process): 111M, peak: 111M
current process commit charge ("private bytes"): 247M, peak: 249M

vm_info: OpenJDK 64-Bit Server VM (15.0.2+7-27) for windows-amd64 JRE (15.0.2+7-27), built on Dec  7 2020 20:02:38 by "mach5one" with unknown MS VC++:1925

END.
